# JRE version: OpenJDK Runtime Environment (16.0+35) (build 16-ea+35-Debian-1)
# Java VM: OpenJDK 64-Bit Server VM (16-ea+35-Debian-1, mixed mode, sharing, tiered, compressed oops, g1 gc, linux-amd64)
GC Precious Log:
 CPUs: 4 total, 4 available
 Memory: 7830M
 Large Page Support: Disabled
 NUMA Support: Disabled
 Compressed Oops: Enabled (32-bit)
 Heap Region Size: 1M
 Heap Min Capacity: 8M
 Heap Initial Capacity: 124M
 Heap Max Capacity: 1958M
 Pre-touch: Disabled
 Parallel Workers: 4
 Concurrent Workers: 1
 Concurrent Refinement Workers: 4
 Periodic GC: Disabled
Heap:
 garbage-first heap   total 199680K, used 133112K [0x0000000085a00000, 0x0000000100000000)
  region size 1024K, 90 young (92160K), 8 survivors (8192K)
 Metaspace       used 6764K, committed 6976K, reserved 1064960K
  class space    used 289K, committed 384K, reserved 1048576K
GC Heap History (14 events):
Event: 1,084 GC heap before
{Heap before GC invocations=0 (full 0):
 garbage-first heap   total 129024K, used 17400K [0x0000000085a00000, 0x0000000100000000)
  region size 1024K, 13 young (13312K), 0 survivors (0K)
 Metaspace       used 3693K, committed 3904K, reserved 1056768K
  class space    used 209K, committed 320K, reserved 1048576K
}
Event: 1,088 GC heap after
{Heap after GC invocations=1 (full 0):
 garbage-first heap   total 129024K, used 3237K [0x0000000085a00000, 0x0000000100000000)
  region size 1024K, 2 young (2048K), 2 survivors (2048K)
 Metaspace       used 3693K, committed 3904K, reserved 1056768K
  class space    used 209K, committed 320K, reserved 1048576K
}
Event: 1,860 GC heap before
{Heap before GC invocations=1 (full 0):
 garbage-first heap   total 129024K, used 46245K [0x0000000085a00000, 0x0000000100000000)
  region size 1024K, 22 young (22528K), 2 survivors (2048K)
 Metaspace       used 4508K, committed 4672K, reserved 1056768K
  class space    used 242K, committed 320K, reserved 1048576K
}
Event: 1,869 GC heap after
{Heap after GC invocations=2 (full 0):
 garbage-first heap   total 129024K, used 7038K [0x0000000085a00000, 0x0000000100000000)
  region size 1024K, 3 young (3072K), 3 survivors (3072K)
 Metaspace       used 4508K, committed 4672K, reserved 1056768K
  class space    used 242K, committed 320K, reserved 1048576K
}
Event: 2,804 GC heap before
{Heap before GC invocations=2 (full 0):
 garbage-first heap   total 129024K, used 102270K [0x0000000085a00000, 0x0000000100000000)
  region size 1024K, 74 young (75776K), 3 survivors (3072K)
 Metaspace       used 6538K, committed 6720K, reserved 1064960K
  class space    used 288K, committed 384K, reserved 1048576K
}
Event: 2,835 GC heap after
{Heap after GC invocations=3 (full 0):
 garbage-first heap   total 129024K, used 19235K [0x0000000085a00000, 0x0000000100000000)
  region size 1024K, 10 young (10240K), 10 survivors (10240K)
 Metaspace       used 6538K, committed 6720K, reserved 1064960K
  class space    used 288K, committed 384K, reserved 1048576K
}
Event: 3,298 GC heap before
{Heap before GC invocations=3 (full 0):
 garbage-first heap   total 129024K, used 83747K [0x0000000085a00000, 0x0000000100000000)
  region size 1024K, 65 young (66560K), 10 survivors (10240K)
 Metaspace       used 6605K, committed 6784K, reserved 1064960K
  class space    used 289K, committed 384K, reserved 1048576K
}
Event: 3,354 GC heap after
{Heap after GC invocations=4 (full 0):
 garbage-first heap   total 129024K, used 22168K [0x0000000085a00000, 0x0000000100000000)
  region size 1024K, 6 young (6144K), 6 survivors (6144K)
 Metaspace       used 6605K, committed 6784K, reserved 1064960K
  class space    used 289K, committed 384K, reserved 1048576K
}
Event: 3,953 GC heap before
{Heap before GC invocations=4 (full 0):
 garbage-first heap   total 129024K, used 94872K [0x0000000085a00000, 0x0000000100000000)
  region size 1024K, 66 young (67584K), 6 survivors (6144K)
 Metaspace       used 6633K, committed 6784K, reserved 1064960K
  class space    used 289K, committed 384K, reserved 1048576K
}
Event: 3,987 GC heap after
{Heap after GC invocations=5 (full 0):
 garbage-first heap   total 129024K, used 26956K [0x0000000085a00000, 0x0000000100000000)
  region size 1024K, 6 young (6144K), 6 survivors (6144K)
 Metaspace       used 6633K, committed 6784K, reserved 1064960K
  class space    used 289K, committed 384K, reserved 1048576K
}
Event: 4,561 GC heap before
{Heap before GC invocations=5 (full 0):
 garbage-first heap   total 129024K, used 99660K [0x0000000085a00000, 0x0000000100000000)
  region size 1024K, 67 young (68608K), 6 survivors (6144K)
 Metaspace       used 6666K, committed 6848K, reserved 1064960K
  class space    used 289K, committed 384K, reserved 1048576K
}
Event: 4,591 GC heap after
{Heap after GC invocations=6 (full 0):
 garbage-first heap   total 199680K, used 28652K [0x0000000085a00000, 0x0000000100000000)
  region size 1024K, 3 young (3072K), 3 survivors (3072K)
 Metaspace       used 6666K, committed 6848K, reserved 1064960K
  class space    used 289K, committed 384K, reserved 1048576K
}
Event: 5,604 GC heap before
{Heap before GC invocations=6 (full 0):
 garbage-first heap   total 199680K, used 168940K [0x0000000085a00000, 0x0000000100000000)
  region size 1024K, 117 young (119808K), 3 survivors (3072K)
 Metaspace       used 6734K, committed 6976K, reserved 1064960K
  class space    used 289K, committed 384K, reserved 1048576K
}
Event: 5,623 GC heap after
{Heap after GC invocations=7 (full 0):
 garbage-first heap   total 199680K, used 33784K [0x0000000085a00000, 0x0000000100000000)
  region size 1024K, 8 young (8192K), 8 survivors (8192K)
 Metaspace       used 6734K, committed 6976K, reserved 1064960K
  class space    used 289K, committed 384K, reserved 1048576K
}

