# JRE version: OpenJDK Runtime Environment (16.0+35) (build 16-ea+35-Debian-1)
# Java VM: OpenJDK 64-Bit Server VM (16-ea+35-Debian-1, mixed mode, sharing, tiered, compressed oops, g1 gc, linux-amd64)
GC Precious Log:
 CPUs: 4 total, 4 available
 Memory: 7830M
 Large Page Support: Disabled
 NUMA Support: Disabled
 Compressed Oops: Enabled (32-bit)
 Heap Region Size: 1M
 Heap Min Capacity: 8M
 Heap Initial Capacity: 124M
 Heap Max Capacity: 1958M
 Pre-touch: Disabled
 Parallel Workers: 4
 Concurrent Workers: 1
 Concurrent Refinement Workers: 4
 Periodic GC: Disabled
Heap:
 garbage-first heap   total 129024K, used 106555K [0x0000000085a00000, 0x0000000100000000)
  region size 1024K, 73 young (74752K), 9 survivors (9216K)
 Metaspace       used 6662K, committed 6848K, reserved 1064960K
  class space    used 291K, committed 384K, reserved 1048576K
GC Heap History (10 events):
Event: 1,815 GC heap before
{Heap before GC invocations=0 (full 0):
 garbage-first heap   total 129024K, used 17400K [0x0000000085a00000, 0x0000000100000000)
  region size 1024K, 13 young (13312K), 0 survivors (0K)
 Metaspace       used 3667K, committed 3904K, reserved 1056768K
  class space    used 210K, committed 320K, reserved 1048576K
}
Event: 1,820 GC heap after
{Heap after GC invocations=1 (full 0):
 garbage-first heap   total 129024K, used 3240K [0x0000000085a00000, 0x0000000100000000)
  region size 1024K, 2 young (2048K), 2 survivors (2048K)
 Metaspace       used 3667K, committed 3904K, reserved 1056768K
  class space    used 210K, committed 320K, reserved 1048576K
}
Event: 3,051 GC heap before
{Heap before GC invocations=1 (full 0):
 garbage-first heap   total 129024K, used 47272K [0x0000000085a00000, 0x0000000100000000)
  region size 1024K, 23 young (23552K), 2 survivors (2048K)
 Metaspace       used 4488K, committed 4608K, reserved 1056768K
  class space    used 244K, committed 320K, reserved 1048576K
}
Event: 3,086 GC heap after
{Heap after GC invocations=2 (full 0):
 garbage-first heap   total 129024K, used 7541K [0x0000000085a00000, 0x0000000100000000)
  region size 1024K, 3 young (3072K), 3 survivors (3072K)
 Metaspace       used 4488K, committed 4608K, reserved 1056768K
  class space    used 244K, committed 320K, reserved 1048576K
}
Event: 4,483 GC heap before
{Heap before GC invocations=2 (full 0):
 garbage-first heap   total 129024K, used 102773K [0x0000000085a00000, 0x0000000100000000)
  region size 1024K, 74 young (75776K), 3 survivors (3072K)
 Metaspace       used 6490K, committed 6656K, reserved 1064960K
  class space    used 291K, committed 384K, reserved 1048576K
}
Event: 4,519 GC heap after
{Heap after GC invocations=3 (full 0):
 garbage-first heap   total 129024K, used 18094K [0x0000000085a00000, 0x0000000100000000)
  region size 1024K, 10 young (10240K), 10 survivors (10240K)
 Metaspace       used 6490K, committed 6656K, reserved 1064960K
  class space    used 291K, committed 384K, reserved 1048576K
}
Event: 4,967 GC heap before
{Heap before GC invocations=3 (full 0):
 garbage-first heap   total 129024K, used 78510K [0x0000000085a00000, 0x0000000100000000)
  region size 1024K, 60 young (61440K), 10 survivors (10240K)
 Metaspace       used 6563K, committed 6720K, reserved 1064960K
  class space    used 291K, committed 384K, reserved 1048576K
}
Event: 4,994 GC heap after
{Heap after GC invocations=4 (full 0):
 garbage-first heap   total 129024K, used 19255K [0x0000000085a00000, 0x0000000100000000)
  region size 1024K, 4 young (4096K), 4 survivors (4096K)
 Metaspace       used 6563K, committed 6720K, reserved 1064960K
  class space    used 291K, committed 384K, reserved 1048576K
}
Event: 5,530 GC heap before
{Heap before GC invocations=4 (full 0):
 garbage-first heap   total 129024K, used 98103K [0x0000000085a00000, 0x0000000100000000)
  region size 1024K, 69 young (70656K), 4 survivors (4096K)
 Metaspace       used 6618K, committed 6784K, reserved 1064960K
  class space    used 291K, committed 384K, reserved 1048576K
}
Event: 5,547 GC heap after
{Heap after GC invocations=5 (full 0):
 garbage-first heap   total 129024K, used 23611K [0x0000000085a00000, 0x0000000100000000)
  region size 1024K, 9 young (9216K), 9 survivors (9216K)
 Metaspace       used 6618K, committed 6784K, reserved 1064960K
  class space    used 291K, committed 384K, reserved 1048576K
}

